<?xml version="1.0" encoding="UTF-8"?>
<!-- Generated by org.testng.reporters.JUnitXMLReporter -->
<testsuite ignored="0" hostname="DESKTOP-01TPP3O" failures="0" tests="3" name="Test" time="3.933" errors="0" timestamp="2024-11-13T17:07:45 IST">
  <testcase classname="api.testcase.UserTest" name="testCreateUser" time="3.368"/>
  <testcase classname="api.testcase.UserTest" name="testGetUser" time="0.381"/>
  <testcase classname="api.testcase.UserTest" name="testDeleteUser" time="0.095"/>
</testsuite> <!-- Test -->
