<?xml version="1.0" encoding="UTF-8"?>
<!-- Generated by org.testng.reporters.JUnitXMLReporter -->
<testsuite ignored="0" hostname="DESKTOP-01TPP3O" failures="0" tests="3" name="Test" time="3.399" errors="0" timestamp="2024-11-13T17:18:18 IST">
  <testcase classname="api.testcase.UserTest" name="testCreateUser" time="3.122"/>
  <testcase classname="api.testcase.UserTest" name="testGetUser" time="0.14"/>
  <testcase classname="api.testcase.UserTest" name="testDeleteUser" time="0.063"/>
</testsuite> <!-- Test -->
