<?xml version="1.0" encoding="UTF-8"?>
<testsuite xmlns:xsi="http://www.w3.org/2001/XMLSchema-instance" xsi:noNamespaceSchemaLocation="https://maven.apache.org/surefire/maven-surefire-plugin/xsd/surefire-test-report.xsd" version="3.0.2" name="TestSuite" time="4.165" tests="3" errors="0" skipped="0" failures="0">
  <properties>
[...]
</properties>
  <testcase name="testCreateUser" classname="api.testcase.UserTest" time="3.123">
    <system-out><![CDATA[HTTP/1.1 200 OK
X-Powered-By: Express
Access-Control-Allow-Origin: *
Content-Type: application/json; charset=utf-8
Content-Length: 389
ETag: W/"185-pNYd4PFSMUYYQ+8+im2Hb/Iw1Tk"
Date: Wed, 13 Nov 2024 11:48:17 GMT
Connection: keep-alive
Keep-Alive: timeout=5

{
    "status": "sucessful",
    "data": {
        "first_name": "Kamlesh",
        "last_name": "Kumar",
        "email": "Kamlesh@gmail.com",
        "mobile": "9987654321",
        "dob": "1996-02-03T00:00:00.000Z",
        "status": "Active",
        "password": "$2a$10$NuXcVejcdSqbHMHmFhyhu.mFdLMDMminaHCNIVZCoeaqJoe6O0jlG",
        "isAdmin": "Inactive",
        "_id": "673492016930c2fb65947d83",
        "createdAt": "2024-11-13T00:00:00.000Z",
        "updatedAt": "2024-11-13T00:00:00.000Z",
        "__v": 0
    }
}
Customer ID: 673492016930c2fb65947d83
]]></system-out>
    <system-err><![CDATA[SLF4J: Failed to load class "org.slf4j.impl.StaticLoggerBinder".
SLF4J: Defaulting to no-operation (NOP) logger implementation
SLF4J: See http://www.slf4j.org/codes.html#StaticLoggerBinder for further details.
]]></system-err>
  </testcase>
  <testcase name="testGetUser" classname="api.testcase.UserTest" time="0.147">
    <system-out><![CDATA[HTTP/1.1 200 OK
X-Powered-By: Express
Access-Control-Allow-Origin: *
Content-Type: application/json; charset=utf-8
Content-Length: 392
ETag: W/"188-mO+OIm/i8MOP/NRcxWQVPljTH5A"
Date: Wed, 13 Nov 2024 11:48:18 GMT
Connection: keep-alive
Keep-Alive: timeout=5

{
    "status": "successfully",
    "data": {
        "_id": "673492016930c2fb65947d83",
        "first_name": "Kamlesh",
        "last_name": "Kumar",
        "email": "Kamlesh@gmail.com",
        "mobile": "9987654321",
        "dob": "1996-02-03T00:00:00.000Z",
        "status": "Active",
        "password": "$2a$10$NuXcVejcdSqbHMHmFhyhu.mFdLMDMminaHCNIVZCoeaqJoe6O0jlG",
        "isAdmin": "Inactive",
        "createdAt": "2024-11-13T00:00:00.000Z",
        "updatedAt": "2024-11-13T00:00:00.000Z",
        "__v": 0
    }
}
]]></system-out>
  </testcase>
  <testcase name="testDeleteUser" classname="api.testcase.UserTest" time="0.068">
    <system-out><![CDATA[HTTP/1.1 200 OK
X-Powered-By: Express
Access-Control-Allow-Origin: *
Content-Type: application/json; charset=utf-8
Content-Length: 399
ETag: W/"18f-5mpONExym8Rjg7omAGX222vZU2w"
Date: Wed, 13 Nov 2024 11:48:18 GMT
Connection: keep-alive
Keep-Alive: timeout=5

{
    "status": "successfully delete",
    "data": {
        "_id": "673492016930c2fb65947d83",
        "first_name": "Kamlesh",
        "last_name": "Kumar",
        "email": "Kamlesh@gmail.com",
        "mobile": "9987654321",
        "dob": "1996-02-03T00:00:00.000Z",
        "status": "Active",
        "password": "$2a$10$NuXcVejcdSqbHMHmFhyhu.mFdLMDMminaHCNIVZCoeaqJoe6O0jlG",
        "isAdmin": "Inactive",
        "createdAt": "2024-11-13T00:00:00.000Z",
        "updatedAt": "2024-11-13T00:00:00.000Z",
        "__v": 0
    }
}
]]></system-out>
  </testcase>
</testsuite>