<?xml version="1.0" encoding="UTF-8"?>
<testng-results ignored="0" total="3" passed="3" failed="0" skipped="0">
  <reporter-output>
  </reporter-output>
  <suite started-at="2024-11-13T17:07:41 IST" name="Suite" finished-at="2024-11-13T17:07:45 IST" duration-ms="3933">
    <groups>
    </groups>
    <test started-at="2024-11-13T17:07:41 IST" name="Test" finished-at="2024-11-13T17:07:45 IST" duration-ms="3933">
      <class name="api.testcase.UserTest">
        <test-method is-config="true" signature="generateTestData()[pri:0, instance:api.testcase.UserTest@2b40ff9c]" started-at="2024-11-13T17:07:41 IST" name="generateTestData" finished-at="2024-11-13T17:07:41 IST" duration-ms="15" status="PASS">
          <reporter-output>
          </reporter-output>
        </test-method> <!-- generateTestData -->
        <test-method signature="testCreateUser()[pri:1, instance:api.testcase.UserTest@2b40ff9c]" started-at="2024-11-13T17:07:41 IST" name="testCreateUser" finished-at="2024-11-13T17:07:44 IST" duration-ms="3368" status="PASS">
          <reporter-output>
          </reporter-output>
        </test-method> <!-- testCreateUser -->
        <test-method signature="testGetUser()[pri:2, instance:api.testcase.UserTest@2b40ff9c]" started-at="2024-11-13T17:07:45 IST" name="testGetUser" finished-at="2024-11-13T17:07:45 IST" duration-ms="381" status="PASS">
          <reporter-output>
          </reporter-output>
        </test-method> <!-- testGetUser -->
        <test-method signature="testDeleteUser()[pri:3, instance:api.testcase.UserTest@2b40ff9c]" started-at="2024-11-13T17:07:45 IST" name="testDeleteUser" finished-at="2024-11-13T17:07:45 IST" duration-ms="95" status="PASS">
          <reporter-output>
          </reporter-output>
        </test-method> <!-- testDeleteUser -->
      </class> <!-- api.testcase.UserTest -->
    </test> <!-- Test -->
  </suite> <!-- Suite -->
</testng-results>
